<?xml version="1.0" encoding="UTF-8"?>
<!-- Generated by org.testng.reporters.JUnitReportReporter -->
<testsuite hostname="DESKTOP-65LALTP" failures="0" tests="1" name="appium1.openchrome" time="21.280" errors="0" timestamp="2023-05-10T13:56:29 EET" skipped="0">
  <testcase classname="appium1.openchrome" name="testAppium2" time="21.280"/>
  <system-out/>
</testsuite> <!-- appium1.openchrome -->
